Action.WithErrorContext
Any.Type
Binary.ApproximateLength
Binary.Buffer
Binary.Combine
Binary.Compress
Binary.Decompress
Binary.From
Binary.FromList
Binary.FromText
Binary.InferContentType
Binary.Length
Binary.Range
Binary.Split
Binary.ToList
Binary.ToText
Binary.Type
Binary.View
Binary.ViewError
Binary.ViewFunction
BinaryEncoding.Base64
BinaryEncoding.Hex
BinaryEncoding.Type
BinaryFormat.7BitEncodedSignedInteger
BinaryFormat.7BitEncodedUnsignedInteger
BinaryFormat.Binary
BinaryFormat.Byte
BinaryFormat.ByteOrder
BinaryFormat.Choice
BinaryFormat.Decimal
BinaryFormat.Double
BinaryFormat.Group
BinaryFormat.Length
BinaryFormat.List
BinaryFormat.Null
BinaryFormat.Record
BinaryFormat.SignedInteger16
BinaryFormat.SignedInteger32
BinaryFormat.SignedInteger64
BinaryFormat.Single
BinaryFormat.Text
BinaryFormat.Transform
BinaryFormat.UnsignedInteger16
BinaryFormat.UnsignedInteger32
BinaryFormat.UnsignedInteger64
BinaryOccurrence.Optional
BinaryOccurrence.Repeating
BinaryOccurrence.Required
BinaryOccurrence.Type
BufferMode.Delayed
BufferMode.Eager
BufferMode.Type
Byte.From
Byte.Type
ByteOrder.BigEndian
ByteOrder.LittleEndian
ByteOrder.Type
Character.FromNumber
Character.ToNumber
Character.Type
Combiner.CombineTextByDelimiter
Combiner.CombineTextByEachDelimiter
Combiner.CombineTextByLengths
Combiner.CombineTextByPositions
Combiner.CombineTextByRanges
Comparer.Equals
Comparer.FromCulture
Comparer.Ordinal
Comparer.OrdinalIgnoreCase
Compression.Brotli
Compression.Deflate
Compression.GZip
Compression.LZ4
Compression.None
Compression.Snappy
Compression.Type
Compression.Zstandard
Csv.Document
CsvStyle.QuoteAfterDelimiter
CsvStyle.QuoteAlways
CsvStyle.Type
Currency.From
Currency.Type
Date.AddDays
Date.AddMonths
Date.AddQuarters
Date.AddWeeks
Date.AddYears
Date.Day
Date.DayOfWeek
Date.DayOfWeekName
Date.DayOfYear
Date.DaysInMonth
Date.EndOfDay
Date.EndOfMonth
Date.EndOfQuarter
Date.EndOfWeek
Date.EndOfYear
Date.From
Date.FromText
Date.IsInCurrentDay
Date.IsInCurrentMonth
Date.IsInCurrentQuarter
Date.IsInCurrentWeek
Date.IsInCurrentYear
Date.IsInNextDay
Date.IsInNextMonth
Date.IsInNextNDays
Date.IsInNextNMonths
Date.IsInNextNQuarters
Date.IsInNextNWeeks
Date.IsInNextNYears
Date.IsInNextQuarter
Date.IsInNextWeek
Date.IsInNextYear
Date.IsInPreviousDay
Date.IsInPreviousMonth
Date.IsInPreviousNDays
Date.IsInPreviousNMonths
Date.IsInPreviousNQuarters
Date.IsInPreviousNWeeks
Date.IsInPreviousNYears
Date.IsInPreviousQuarter
Date.IsInPreviousWeek
Date.IsInPreviousYear
Date.IsInYearToDate
Date.IsLeapYear
Date.Month
Date.MonthName
Date.QuarterOfYear
Date.StartOfDay
Date.StartOfMonth
Date.StartOfQuarter
Date.StartOfWeek
Date.StartOfYear
Date.ToRecord
Date.ToText
Date.Type
Date.WeekOfMonth
Date.WeekOfYear
Date.Year
DateTime.AddZone
DateTime.Date
DateTime.FixedLocalNow
DateTime.From
DateTime.FromFileTime
DateTime.FromText
DateTime.IsInCurrentHour
DateTime.IsInCurrentMinute
DateTime.IsInCurrentSecond
DateTime.IsInNextHour
DateTime.IsInNextMinute
DateTime.IsInNextNHours
DateTime.IsInNextNMinutes
DateTime.IsInNextNSeconds
DateTime.IsInNextSecond
DateTime.IsInPreviousHour
DateTime.IsInPreviousMinute
DateTime.IsInPreviousNHours
DateTime.IsInPreviousNMinutes
DateTime.IsInPreviousNSeconds
DateTime.IsInPreviousSecond
DateTime.LocalNow
DateTime.Time
DateTime.ToRecord
DateTime.ToText
DateTime.Type
DateTimeZone.FixedLocalNow
DateTimeZone.FixedUtcNow
DateTimeZone.From
DateTimeZone.FromFileTime
DateTimeZone.FromText
DateTimeZone.LocalNow
DateTimeZone.RemoveZone
DateTimeZone.SwitchZone
DateTimeZone.ToLocal
DateTimeZone.ToRecord
DateTimeZone.ToText
DateTimeZone.ToUtc
DateTimeZone.Type
DateTimeZone.UtcNow
DateTimeZone.ZoneHours
DateTimeZone.ZoneMinutes
Day.Friday
Day.Monday
Day.Saturday
Day.Sunday
Day.Thursday
Day.Tuesday
Day.Type
Day.Wednesday
Decimal.From
Decimal.Type
Diagnostics.ActivityId
Diagnostics.CorrelationId
Diagnostics.Trace
Double.From
Double.Type
Duration.Days
Duration.From
Duration.FromText
Duration.Hours
Duration.Minutes
Duration.Seconds
Duration.ToRecord
Duration.ToText
Duration.TotalDays
Duration.TotalHours
Duration.TotalMinutes
Duration.TotalSeconds
Duration.Type
Error.Record
Excel.CurrentWorkbook
Excel.ShapeTable
Excel.Workbook
Expression.Constant
Expression.Evaluate
Expression.Identifier
ExtraValues.Error
ExtraValues.Ignore
ExtraValues.List
ExtraValues.Type
File.Contents
File.Modified
Folder.Contents
Folder.Files
Function.From
Function.Invoke
Function.InvokeAfter
Function.InvokeWithErrorContext
Function.IsDataSource
Function.ScalarVector
GroupKind.Global
GroupKind.Local
GroupKind.Type
Guid.From
Html.Table
Int16.From
Int16.Type
Int32.From
Int32.Type
Int64.From
Int64.Type
Int8.From
Int8.Type
JoinAlgorithm.Dynamic
JoinAlgorithm.LeftHash
JoinAlgorithm.LeftIndex
JoinAlgorithm.PairwiseHash
JoinAlgorithm.RightHash
JoinAlgorithm.RightIndex
JoinAlgorithm.SortMerge
JoinAlgorithm.Type
JoinKind.FullOuter
JoinKind.Inner
JoinKind.LeftAnti
JoinKind.LeftOuter
JoinKind.LeftSemi
JoinKind.RightAnti
JoinKind.RightOuter
JoinKind.RightSemi
JoinKind.Type
JoinSide.Left
JoinSide.Right
JoinSide.Type
Json.Document
Json.FromValue
LimitClauseKind.AnsiSql2008
LimitClauseKind.Limit
LimitClauseKind.LimitOffset
LimitClauseKind.None
LimitClauseKind.Top
LimitClauseKind.Type
Lines.FromBinary
Lines.FromText
Lines.ToBinary
Lines.ToText
List.Accumulate
List.AllTrue
List.Alternate
List.AnyTrue
List.Average
List.Buffer
List.Combine
List.ConformToPageReader
List.Contains
List.ContainsAll
List.ContainsAny
List.Count
List.Covariance
List.DateTimeZones
List.DateTimes
List.Dates
List.Difference
List.Distinct
List.Durations
List.FindText
List.First
List.FirstN
List.Generate
List.InsertRange
List.Intersect
List.IsDistinct
List.IsEmpty
List.Last
List.LastN
List.MatchesAll
List.MatchesAny
List.Max
List.MaxN
List.Median
List.Min
List.MinN
List.Mode
List.Modes
List.NonNullCount
List.Numbers
List.Percentile
List.PositionOf
List.PositionOfAny
List.Positions
List.Product
List.Random
List.Range
List.RemoveFirstN
List.RemoveItems
List.RemoveLastN
List.RemoveMatchingItems
List.RemoveNulls
List.RemoveRange
List.Repeat
List.ReplaceMatchingItems
List.ReplaceRange
List.ReplaceValue
List.Reverse
List.Select
List.Single
List.SingleOrDefault
List.Skip
List.Sort
List.Split
List.StandardDeviation
List.Sum
List.Times
List.Transform
List.TransformMany
List.Union
List.Zip
Logical.From
Logical.FromText
Logical.ToText
Logical.Type
MissingField.Error
MissingField.Ignore
MissingField.UseNull
MySQL.Database
MySQL.Query
Null.Type
Number.Abs
Number.Acos
Number.Asin
Number.Atan
Number.Atan2
Number.BitwiseAnd
Number.BitwiseNot
Number.BitwiseOr
Number.BitwiseShiftLeft
Number.BitwiseShiftRight
Number.BitwiseXor
Number.Combinations
Number.Cos
Number.Cosh
Number.E
Number.Epsilon
Number.Exp
Number.Factorial
Number.From
Number.FromText
Number.IntegerDivide
Number.IsEven
Number.IsNaN
Number.IsOdd
Number.Ln
Number.Log
Number.Log10
Number.Mod
Number.NaN
Number.NegativeInfinity
Number.PI
Number.Permutations
Number.PositiveInfinity
Number.Power
Number.Random
Number.RandomBetween
Number.Round
Number.RoundAwayFromZero
Number.RoundDown
Number.RoundTowardZero
Number.RoundUp
Number.Sign
Number.Sin
Number.Sinh
Number.Sqrt
Number.Tan
Number.Tanh
Number.ToText
Number.Type
Occurrence.All
Occurrence.First
Occurrence.Last
Odbc.DataSource
Odbc.InferOptions
Odbc.Query
Order.Ascending
Order.Descending
Parquet.Document
Percentage.From
Percentage.Type
PercentileMode.ExcelExc
PercentileMode.ExcelInc
PercentileMode.SqlCont
PercentileMode.SqlDisc
PostgreSQL.Database
PostgreSQL.Query
Precision.Decimal
Precision.Double
Precision.Type
QuoteStyle.Csv
QuoteStyle.None
QuoteStyle.Type
RankKind.Competition
RankKind.Dense
RankKind.Ordinal
Record.AddField
Record.Combine
Record.Field
Record.FieldCount
Record.FieldNames
Record.FieldOrDefault
Record.FieldValues
Record.FromList
Record.FromTable
Record.HasFields
Record.RemoveFields
Record.RenameFields
Record.ReorderFields
Record.SelectFields
Record.ToList
Record.ToTable
Record.TransformFields
Replacer.ReplaceText
Replacer.ReplaceValue
RoundingMode.AwayFromZero
RoundingMode.Down
RoundingMode.ToEven
RoundingMode.TowardZero
RoundingMode.Type
RoundingMode.Up
Single.From
Single.Type
Splitter.SplitByNothing
Splitter.SplitTextByAnyDelimiter
Splitter.SplitTextByCharacterTransition
Splitter.SplitTextByDelimiter
Splitter.SplitTextByEachDelimiter
Splitter.SplitTextByLengths
Splitter.SplitTextByPositions
Splitter.SplitTextByRanges
Splitter.SplitTextByRepeatedLengths
Splitter.SplitTextByWhitespace
Sql.Database
Sql.Databases
Table.AddColumn
Table.AddFuzzyClusterColumn
Table.AddIndexColumn
Table.AddJoinColumn
Table.AddKey
Table.AddRankColumn
Table.AggregateTableColumn
Table.AlternateRows
Table.ApproximateRowCount
Table.Buffer
Table.Column
Table.ColumnCount
Table.ColumnNames
Table.ColumnsOfType
Table.Combine
Table.CombineColumns
Table.CombineColumnsToRecord
Table.ConformToPageReader
Table.Contains
Table.ContainsAll
Table.ContainsAny
Table.DemoteHeaders
Table.Distinct
Table.DuplicateColumn
Table.ExpandListColumn
Table.ExpandRecordColumn
Table.ExpandTableColumn
Table.FillDown
Table.FillUp
Table.FilterWithDataTable
Table.FindText
Table.First
Table.FirstN
Table.FirstValue
Table.FromColumns
Table.FromList
Table.FromPartitions
Table.FromRecords
Table.FromRows
Table.FromValue
Table.FuzzyGroup
Table.FuzzyJoin
Table.FuzzyNestedJoin
Table.Group
Table.HasColumns
Table.InsertRows
Table.IsDistinct
Table.IsEmpty
Table.Join
Table.Keys
Table.Last
Table.LastN
Table.MatchesAllRows
Table.MatchesAnyRows
Table.Max
Table.MaxN
Table.Min
Table.MinN
Table.NestedJoin
Table.Partition
Table.PartitionKey
Table.PartitionValues
Table.Pivot
Table.PositionOf
Table.PositionOfAny
Table.PrefixColumns
Table.Profile
Table.PromoteHeaders
Table.Range
Table.RemoveColumns
Table.RemoveFirstN
Table.RemoveLastN
Table.RemoveMatchingRows
Table.RemoveRows
Table.RemoveRowsWithErrors
Table.RenameColumns
Table.ReorderColumns
Table.Repeat
Table.ReplaceErrorValues
Table.ReplaceKeys
Table.ReplaceMatchingRows
Table.ReplacePartitionKey
Table.ReplaceRelationshipIdentity
Table.ReplaceRows
Table.ReplaceValue
Table.ReverseRows
Table.RowCount
Table.Schema
Table.SelectColumns
Table.SelectRows
Table.SelectRowsWithErrors
Table.SingleRow
Table.Skip
Table.Sort
Table.Split
Table.SplitAt
Table.SplitColumn
Table.StopFolding
Table.ToColumns
Table.ToList
Table.ToRecords
Table.ToRows
Table.TransformColumnNames
Table.TransformColumnTypes
Table.TransformColumns
Table.TransformRows
Table.Transpose
Table.Unpivot
Table.UnpivotOtherColumns
Table.View
Table.ViewError
Table.ViewFunction
Table.WithErrorContext
Text.AfterDelimiter
Text.At
Text.BeforeDelimiter
Text.BetweenDelimiters
Text.Clean
Text.Combine
Text.Contains
Text.End
Text.EndsWith
Text.Format
Text.From
Text.FromBinary
Text.InferNumberType
Text.Insert
Text.Length
Text.Lower
Text.Middle
Text.NewGuid
Text.PadEnd
Text.PadStart
Text.PositionOf
Text.PositionOfAny
Text.Proper
Text.Range
Text.Remove
Text.RemoveRange
Text.Repeat
Text.Replace
Text.ReplaceRange
Text.Reverse
Text.Select
Text.Split
Text.SplitAny
Text.Start
Text.StartsWith
Text.ToBinary
Text.ToList
Text.Trim
Text.TrimEnd
Text.TrimStart
Text.Type
Text.Upper
TextEncoding.Ascii
TextEncoding.BigEndianUnicode
TextEncoding.Unicode
TextEncoding.Utf16
TextEncoding.Utf8
TextEncoding.Windows
Time.EndOfHour
Time.From
Time.FromText
Time.Hour
Time.Minute
Time.Second
Time.StartOfHour
Time.ToRecord
Time.ToText
Time.Type
TimeZone.Current
TraceLevel.Critical
TraceLevel.Error
TraceLevel.Information
TraceLevel.Verbose
TraceLevel.Warning
Type.AddTableKey
Type.ClosedRecord
Type.Facets
Type.ForFunction
Type.ForRecord
Type.FunctionParameters
Type.FunctionRequiredParameters
Type.FunctionReturn
Type.Is
Type.IsNullable
Type.IsOpenRecord
Type.ListItem
Type.NonNullable
Type.OpenRecord
Type.RecordFields
Type.ReplaceFacets
Type.ReplaceTableKeys
Type.ReplaceTablePartitionKey
Type.TableColumn
Type.TableKeys
Type.TablePartitionKey
Type.TableRow
Type.TableSchema
Type.Union
Uri.BuildQueryString
Uri.Combine
Uri.EscapeDataString
Uri.Parts
Uri.Type
Value.Add
Value.Alternates
Value.As
Value.Compare
Value.Divide
Value.Equals
Value.Expression
Value.Firewall
Value.FromText
Value.Is
Value.Lineage
Value.Metadata
Value.Multiply
Value.NativeQuery
Value.NullableEquals
Value.Optimize
Value.RemoveMetadata
Value.ReplaceMetadata
Value.ReplaceType
Value.Subtract
Value.Traits
Value.Type
Value.VersionIdentity
Value.Versions
Value.ViewError
Value.ViewFunction
Variable.Value
Variable.ValueOrDefault
Web.BrowserContents
Web.Contents
Web.Headers
Web.Page
WebAction.Request
WebMethod.Delete
WebMethod.Get
WebMethod.Head
WebMethod.Patch
WebMethod.Post
WebMethod.Put
WebMethod.Type
Xml.Document
Xml.Tables